<?xml version="1.0" encoding="UTF-8"?>
<!-- Generated by org.testng.reporters.JUnitXMLReporter -->
<testsuite hostname="DESKTOP-TI5TNR3" ignored="0" name="Default test" tests="3" failures="0" timestamp="19 Apr 2019 12:34:57 GMT" time="154.532" errors="0">
  <testcase name="loginPageTitleTest" time="0.026" classname="com.qa.crm.testcases.LoginPageTest"/>
  <testcase name="crmLogoImgTest" time="0.037" classname="com.qa.crm.testcases.LoginPageTest"/>
  <testcase name="loginTest" time="125.293" classname="com.qa.crm.testcases.LoginPageTest"/>
</testsuite> <!-- Default test -->
