<?xml version="1.0" encoding="UTF-8"?>
<!-- Generated by org.testng.reporters.JUnitXMLReporter -->
<testsuite hostname="DESKTOP-TI5TNR3" ignored="0" name="Command line test" tests="1" failures="1" timestamp="25 Apr 2019 11:41:31 GMT" time="26.774" errors="0">
  <testcase name="freeCrmTitleTest" time="17.402" classname="com.qa.crm.testcases.FreeCrmTest">
    <failure type="java.lang.AssertionError" message="expected [true] but found [false]">
      <![CDATA[java.lang.AssertionError: expected [true] but found [false]
at com.qa.crm.testcases.FreeCrmTest.freeCrmTitleTest(FreeCrmTest.java:43)
... Removed 39 stack frames]]>
    </failure>
  </testcase> <!-- freeCrmTitleTest -->
</testsuite> <!-- Command line test -->
