<?xml version="1.0" encoding="UTF-8"?>
<testng-results skipped="0" failed="0" ignored="0" total="11" passed="11">
  <reporter-output>
  </reporter-output>
  <suite name="Free CRM Test Application" duration-ms="275015" started-at="2019-04-25T11:34:38Z" finished-at="2019-04-25T11:39:13Z">
    <groups>
    </groups>
    <test name="Free CRM Test Case" duration-ms="275015" started-at="2019-04-25T11:34:38Z" finished-at="2019-04-25T11:39:13Z">
      <class name="com.qa.crm.testcases.ContactsPageTest">
        <test-method status="PASS" signature="setUp()[pri:0, instance:com.qa.crm.testcases.ContactsPageTest@3abbfa04]" name="setUp" is-config="true" duration-ms="30789" started-at="2019-04-25T11:35:12Z" finished-at="2019-04-25T11:35:43Z">
          <reporter-output>
          </reporter-output>
        </test-method> <!-- setUp -->
        <test-method status="PASS" signature="verifyContactsPageLabel()[pri:1, instance:com.qa.crm.testcases.ContactsPageTest@3abbfa04]" name="verifyContactsPageLabel" duration-ms="78" started-at="2019-04-25T11:35:43Z" finished-at="2019-04-25T11:35:43Z">
          <reporter-output>
          </reporter-output>
        </test-method> <!-- verifyContactsPageLabel -->
        <test-method status="PASS" signature="tearDown()[pri:0, instance:com.qa.crm.testcases.ContactsPageTest@3abbfa04]" name="tearDown" is-config="true" duration-ms="760" started-at="2019-04-25T11:35:43Z" finished-at="2019-04-25T11:35:44Z">
          <reporter-output>
          </reporter-output>
        </test-method> <!-- tearDown -->
        <test-method status="PASS" signature="setUp()[pri:0, instance:com.qa.crm.testcases.ContactsPageTest@3abbfa04]" name="setUp" is-config="true" duration-ms="33477" started-at="2019-04-25T11:36:08Z" finished-at="2019-04-25T11:36:42Z">
          <reporter-output>
          </reporter-output>
        </test-method> <!-- setUp -->
        <test-method status="PASS" signature="selectSingleContactsTest()[pri:2, instance:com.qa.crm.testcases.ContactsPageTest@3abbfa04]" name="selectSingleContactsTest" duration-ms="142" started-at="2019-04-25T11:36:42Z" finished-at="2019-04-25T11:36:42Z">
          <reporter-output>
          </reporter-output>
        </test-method> <!-- selectSingleContactsTest -->
        <test-method status="PASS" signature="tearDown()[pri:0, instance:com.qa.crm.testcases.ContactsPageTest@3abbfa04]" name="tearDown" is-config="true" duration-ms="698" started-at="2019-04-25T11:36:42Z" finished-at="2019-04-25T11:36:42Z">
          <reporter-output>
          </reporter-output>
        </test-method> <!-- tearDown -->
        <test-method status="PASS" signature="setUp()[pri:0, instance:com.qa.crm.testcases.ContactsPageTest@3abbfa04]" name="setUp" is-config="true" duration-ms="41046" started-at="2019-04-25T11:37:15Z" finished-at="2019-04-25T11:37:56Z">
          <reporter-output>
          </reporter-output>
        </test-method> <!-- setUp -->
        <test-method status="PASS" signature="selectMultipleContactsTest()[pri:3, instance:com.qa.crm.testcases.ContactsPageTest@3abbfa04]" name="selectMultipleContactsTest" duration-ms="268" started-at="2019-04-25T11:37:56Z" finished-at="2019-04-25T11:37:56Z">
          <reporter-output>
          </reporter-output>
        </test-method> <!-- selectMultipleContactsTest -->
        <test-method status="PASS" signature="tearDown()[pri:0, instance:com.qa.crm.testcases.ContactsPageTest@3abbfa04]" name="tearDown" is-config="true" duration-ms="698" started-at="2019-04-25T11:37:56Z" finished-at="2019-04-25T11:37:57Z">
          <reporter-output>
          </reporter-output>
        </test-method> <!-- tearDown -->
        <test-method status="PASS" signature="setUp()[pri:0, instance:com.qa.crm.testcases.ContactsPageTest@3abbfa04]" name="setUp" is-config="true" duration-ms="32814" started-at="2019-04-25T11:37:58Z" finished-at="2019-04-25T11:38:30Z">
          <reporter-output>
          </reporter-output>
        </test-method> <!-- setUp -->
        <test-method status="PASS" signature="validateCreateNewContact(java.lang.String, java.lang.String, java.lang.String, java.lang.String)[pri:4, instance:com.qa.crm.testcases.ContactsPageTest@3abbfa04]" name="validateCreateNewContact" duration-ms="4185" started-at="2019-04-25T11:38:30Z" data-provider="getCRMTestData" finished-at="2019-04-25T11:38:35Z">
          <params>
            <param index="0">
              <value>
                <![CDATA[Mr.]]>
              </value>
            </param>
            <param index="1">
              <value>
                <![CDATA[Tom]]>
              </value>
            </param>
            <param index="2">
              <value>
                <![CDATA[Peter]]>
              </value>
            </param>
            <param index="3">
              <value>
                <![CDATA[Google]]>
              </value>
            </param>
          </params>
          <reporter-output>
          </reporter-output>
        </test-method> <!-- validateCreateNewContact -->
        <test-method status="PASS" signature="tearDown()[pri:0, instance:com.qa.crm.testcases.ContactsPageTest@3abbfa04]" name="tearDown" is-config="true" duration-ms="722" started-at="2019-04-25T11:38:35Z" finished-at="2019-04-25T11:38:35Z">
          <reporter-output>
          </reporter-output>
        </test-method> <!-- tearDown -->
        <test-method status="PASS" signature="setUp()[pri:0, instance:com.qa.crm.testcases.ContactsPageTest@3abbfa04]" name="setUp" is-config="true" duration-ms="31894" started-at="2019-04-25T11:38:35Z" finished-at="2019-04-25T11:39:07Z">
          <reporter-output>
          </reporter-output>
        </test-method> <!-- setUp -->
        <test-method status="PASS" signature="validateCreateNewContact(java.lang.String, java.lang.String, java.lang.String, java.lang.String)[pri:4, instance:com.qa.crm.testcases.ContactsPageTest@3abbfa04]" name="validateCreateNewContact" duration-ms="4513" started-at="2019-04-25T11:39:07Z" data-provider="getCRMTestData" finished-at="2019-04-25T11:39:12Z">
          <params>
            <param index="0">
              <value>
                <![CDATA[Dr.]]>
              </value>
            </param>
            <param index="1">
              <value>
                <![CDATA[David]]>
              </value>
            </param>
            <param index="2">
              <value>
                <![CDATA[Cris]]>
              </value>
            </param>
            <param index="3">
              <value>
                <![CDATA[Amazon]]>
              </value>
            </param>
          </params>
          <reporter-output>
          </reporter-output>
        </test-method> <!-- validateCreateNewContact -->
        <test-method status="PASS" signature="tearDown()[pri:0, instance:com.qa.crm.testcases.ContactsPageTest@3abbfa04]" name="tearDown" is-config="true" duration-ms="728" started-at="2019-04-25T11:39:12Z" finished-at="2019-04-25T11:39:13Z">
          <reporter-output>
          </reporter-output>
        </test-method> <!-- tearDown -->
      </class> <!-- com.qa.crm.testcases.ContactsPageTest -->
      <class name="com.qa.crm.testcases.LoginPageTest">
        <test-method status="PASS" signature="setUp()[pri:0, instance:com.qa.crm.testcases.LoginPageTest@13deb50e]" name="setUp" is-config="true" duration-ms="13526" started-at="2019-04-25T11:34:38Z" finished-at="2019-04-25T11:34:51Z">
          <reporter-output>
          </reporter-output>
        </test-method> <!-- setUp -->
        <test-method status="PASS" signature="loginPageTitleTest()[pri:1, instance:com.qa.crm.testcases.LoginPageTest@13deb50e]" name="loginPageTitleTest" duration-ms="28" started-at="2019-04-25T11:34:51Z" finished-at="2019-04-25T11:34:51Z">
          <reporter-output>
          </reporter-output>
        </test-method> <!-- loginPageTitleTest -->
        <test-method status="PASS" signature="tearDown()[pri:0, instance:com.qa.crm.testcases.LoginPageTest@13deb50e]" name="tearDown" is-config="true" duration-ms="693" started-at="2019-04-25T11:34:51Z" finished-at="2019-04-25T11:34:52Z">
          <reporter-output>
          </reporter-output>
        </test-method> <!-- tearDown -->
        <test-method status="PASS" signature="setUp()[pri:0, instance:com.qa.crm.testcases.LoginPageTest@13deb50e]" name="setUp" is-config="true" duration-ms="9661" started-at="2019-04-25T11:35:44Z" finished-at="2019-04-25T11:35:53Z">
          <reporter-output>
          </reporter-output>
        </test-method> <!-- setUp -->
        <test-method status="PASS" signature="crmLogoImageTest()[pri:2, instance:com.qa.crm.testcases.LoginPageTest@13deb50e]" name="crmLogoImageTest" duration-ms="78" started-at="2019-04-25T11:35:53Z" finished-at="2019-04-25T11:35:53Z">
          <reporter-output>
          </reporter-output>
        </test-method> <!-- crmLogoImageTest -->
        <test-method status="PASS" signature="tearDown()[pri:0, instance:com.qa.crm.testcases.LoginPageTest@13deb50e]" name="tearDown" is-config="true" duration-ms="677" started-at="2019-04-25T11:35:53Z" finished-at="2019-04-25T11:35:54Z">
          <reporter-output>
          </reporter-output>
        </test-method> <!-- tearDown -->
        <test-method status="PASS" signature="setUp()[pri:0, instance:com.qa.crm.testcases.LoginPageTest@13deb50e]" name="setUp" is-config="true" duration-ms="8016" started-at="2019-04-25T11:36:42Z" finished-at="2019-04-25T11:36:50Z">
          <reporter-output>
          </reporter-output>
        </test-method> <!-- setUp -->
        <test-method status="PASS" signature="loginTest()[pri:3, instance:com.qa.crm.testcases.LoginPageTest@13deb50e]" name="loginTest" duration-ms="5225" started-at="2019-04-25T11:36:50Z" finished-at="2019-04-25T11:36:56Z">
          <reporter-output>
          </reporter-output>
        </test-method> <!-- loginTest -->
        <test-method status="PASS" signature="tearDown()[pri:0, instance:com.qa.crm.testcases.LoginPageTest@13deb50e]" name="tearDown" is-config="true" duration-ms="684" started-at="2019-04-25T11:36:56Z" finished-at="2019-04-25T11:36:56Z">
          <reporter-output>
          </reporter-output>
        </test-method> <!-- tearDown -->
      </class> <!-- com.qa.crm.testcases.LoginPageTest -->
      <class name="com.qa.crm.testcases.HomePageTest">
        <test-method status="PASS" signature="setUp()[pri:0, instance:com.qa.crm.testcases.HomePageTest@239963d8]" name="setUp" is-config="true" duration-ms="19583" started-at="2019-04-25T11:34:52Z" finished-at="2019-04-25T11:35:11Z">
          <reporter-output>
          </reporter-output>
        </test-method> <!-- setUp -->
        <test-method status="PASS" signature="verifyHomePageTitleTest()[pri:1, instance:com.qa.crm.testcases.HomePageTest@239963d8]" name="verifyHomePageTitleTest" duration-ms="7" started-at="2019-04-25T11:35:11Z" finished-at="2019-04-25T11:35:11Z">
          <reporter-output>
          </reporter-output>
        </test-method> <!-- verifyHomePageTitleTest -->
        <test-method status="PASS" signature="tearDown()[pri:0, instance:com.qa.crm.testcases.HomePageTest@239963d8]" name="tearDown" is-config="true" duration-ms="698" started-at="2019-04-25T11:35:11Z" finished-at="2019-04-25T11:35:12Z">
          <reporter-output>
          </reporter-output>
        </test-method> <!-- tearDown -->
        <test-method status="PASS" signature="setUp()[pri:0, instance:com.qa.crm.testcases.HomePageTest@239963d8]" name="setUp" is-config="true" duration-ms="13016" started-at="2019-04-25T11:35:54Z" finished-at="2019-04-25T11:36:07Z">
          <reporter-output>
          </reporter-output>
        </test-method> <!-- setUp -->
        <test-method status="PASS" signature="verifyUserNameTest()[pri:2, instance:com.qa.crm.testcases.HomePageTest@239963d8]" name="verifyUserNameTest" duration-ms="198" started-at="2019-04-25T11:36:07Z" finished-at="2019-04-25T11:36:07Z">
          <reporter-output>
          </reporter-output>
        </test-method> <!-- verifyUserNameTest -->
        <test-method status="PASS" signature="tearDown()[pri:0, instance:com.qa.crm.testcases.HomePageTest@239963d8]" name="tearDown" is-config="true" duration-ms="742" started-at="2019-04-25T11:36:07Z" finished-at="2019-04-25T11:36:08Z">
          <reporter-output>
          </reporter-output>
        </test-method> <!-- tearDown -->
        <test-method status="PASS" signature="setUp()[pri:0, instance:com.qa.crm.testcases.HomePageTest@239963d8]" name="setUp" is-config="true" duration-ms="16738" started-at="2019-04-25T11:36:56Z" finished-at="2019-04-25T11:37:13Z">
          <reporter-output>
          </reporter-output>
        </test-method> <!-- setUp -->
        <test-method status="PASS" signature="verifyContactsLinkTest()[pri:3, instance:com.qa.crm.testcases.HomePageTest@239963d8]" name="verifyContactsLinkTest" duration-ms="1334" started-at="2019-04-25T11:37:13Z" finished-at="2019-04-25T11:37:14Z">
          <reporter-output>
          </reporter-output>
        </test-method> <!-- verifyContactsLinkTest -->
        <test-method status="PASS" signature="tearDown()[pri:0, instance:com.qa.crm.testcases.HomePageTest@239963d8]" name="tearDown" is-config="true" duration-ms="709" started-at="2019-04-25T11:37:14Z" finished-at="2019-04-25T11:37:15Z">
          <reporter-output>
          </reporter-output>
        </test-method> <!-- tearDown -->
      </class> <!-- com.qa.crm.testcases.HomePageTest -->
    </test> <!-- Free CRM Test Case -->
  </suite> <!-- Free CRM Test Application -->
</testng-results>
