<?xml version="1.0" encoding="UTF-8"?>
<!-- Generated by org.testng.reporters.JUnitXMLReporter -->
<testsuite hostname="DESKTOP-TI5TNR3" ignored="0" name="Free CRM Test Case" tests="11" failures="0" timestamp="25 Apr 2019 11:39:13 GMT" time="275.015" errors="0">
  <testcase name="loginPageTitleTest" time="0.028" classname="com.qa.crm.testcases.LoginPageTest"/>
  <testcase name="verifyHomePageTitleTest" time="0.007" classname="com.qa.crm.testcases.HomePageTest"/>
  <testcase name="verifyContactsPageLabel" time="0.078" classname="com.qa.crm.testcases.ContactsPageTest"/>
  <testcase name="crmLogoImageTest" time="0.078" classname="com.qa.crm.testcases.LoginPageTest"/>
  <testcase name="verifyUserNameTest" time="0.198" classname="com.qa.crm.testcases.HomePageTest"/>
  <testcase name="selectSingleContactsTest" time="0.142" classname="com.qa.crm.testcases.ContactsPageTest"/>
  <testcase name="loginTest" time="5.225" classname="com.qa.crm.testcases.LoginPageTest"/>
  <testcase name="verifyContactsLinkTest" time="1.334" classname="com.qa.crm.testcases.HomePageTest"/>
  <testcase name="selectMultipleContactsTest" time="0.268" classname="com.qa.crm.testcases.ContactsPageTest"/>
  <testcase name="validateCreateNewContact" time="4.185" classname="com.qa.crm.testcases.ContactsPageTest"/>
  <testcase name="validateCreateNewContact" time="4.513" classname="com.qa.crm.testcases.ContactsPageTest"/>
</testsuite> <!-- Free CRM Test Case -->
