<?xml version="1.0" encoding="UTF-8"?>
<!-- Generated by org.testng.reporters.JUnitXMLReporter -->
<testsuite hostname="DESKTOP-TI5TNR3" ignored="0" name="Free CRM Test Case" tests="11" failures="0" timestamp="25 Apr 2019 11:02:54 GMT" time="267.647" errors="0">
  <testcase name="loginPageTitleTest" time="0.046" classname="com.qa.crm.testcases.LoginPageTest"/>
  <testcase name="verifyHomePageTitleTest" time="0.013" classname="com.qa.crm.testcases.HomePageTest"/>
  <testcase name="verifyContactsPageLabel" time="0.092" classname="com.qa.crm.testcases.ContactsPageTest"/>
  <testcase name="crmLogoImageTest" time="0.058" classname="com.qa.crm.testcases.LoginPageTest"/>
  <testcase name="verifyUserNameTest" time="0.168" classname="com.qa.crm.testcases.HomePageTest"/>
  <testcase name="selectSingleContactsTest" time="0.2" classname="com.qa.crm.testcases.ContactsPageTest"/>
  <testcase name="loginTest" time="6.203" classname="com.qa.crm.testcases.LoginPageTest"/>
  <testcase name="verifyContactsLinkTest" time="1.227" classname="com.qa.crm.testcases.HomePageTest"/>
  <testcase name="selectMultipleContactsTest" time="0.424" classname="com.qa.crm.testcases.ContactsPageTest"/>
  <testcase name="validateCreateNewContact" time="4.99" classname="com.qa.crm.testcases.ContactsPageTest"/>
  <testcase name="validateCreateNewContact" time="3.355" classname="com.qa.crm.testcases.ContactsPageTest"/>
</testsuite> <!-- Free CRM Test Case -->
